<?xml version="1.0" encoding="UTF-8"?>
<!-- Generated by org.testng.reporters.JUnitReportReporter -->
<testsuite skipped="0" hostname="Abdel-Azeem" name="workingWithElements.WorkingWithTextBoxAndButton" tests="1" failures="0" timestamp="20 Jan 2019 15:40:10 GMT" time="1.237" errors="0">
  <testcase name="loginScreen" time="1.237" classname="workingWithElements.WorkingWithTextBoxAndButton"/>
</testsuite> <!-- workingWithElements.WorkingWithTextBoxAndButton -->
