<?xml version="1.0" encoding="UTF-8"?>
<!-- Generated by org.testng.reporters.JUnitReportReporter -->
<testsuite skipped="0" hostname="Abdel-Azeem" name="workingWithElements.WorkingWithSubmitMethod" tests="1" failures="0" timestamp="20 Jan 2019 17:46:03 GMT" time="6.895" errors="0">
  <testcase name="testSubmit" time="6.895" classname="workingWithElements.WorkingWithSubmitMethod"/>
</testsuite> <!-- workingWithElements.WorkingWithSubmitMethod -->
