<?xml version="1.0" encoding="UTF-8"?>
<!-- Generated by org.testng.reporters.JUnitReportReporter -->
<testsuite skipped="0" hostname="Abdel-Azeem" name="workingWithElements.WorkingWithWebTables" tests="1" failures="0" timestamp="29 Jan 2019 12:40:50 GMT" time="1.718" errors="0">
  <testcase name="testWebTable" time="1.718" classname="workingWithElements.WorkingWithWebTables"/>
</testsuite> <!-- workingWithElements.WorkingWithWebTables -->
