<?xml version="1.0" encoding="UTF-8"?>
<!-- Generated by org.testng.reporters.JUnitReportReporter -->
<testsuite skipped="0" hostname="Abdel-Azeem" name="workingWithElements.WorkingWithCheckboxes" tests="1" failures="0" timestamp="24 Jan 2019 10:39:23 GMT" time="2.139" errors="0">
  <testcase name="testCheckbox" time="2.139" classname="workingWithElements.WorkingWithCheckboxes"/>
</testsuite> <!-- workingWithElements.WorkingWithCheckboxes -->
