<?xml version="1.0" encoding="UTF-8"?>
<!-- Generated by org.testng.reporters.JUnitReportReporter -->
<testsuite skipped="0" hostname="Abdel-Azeem" name="findingElements.FindElementByID" tests="1" failures="0" timestamp="12 Jan 2019 10:03:13 GMT" time="0.103" errors="0">
  <testcase name="findElemenyByID" time="0.103" classname="findingElements.FindElementByID"/>
</testsuite> <!-- findingElements.FindElementByID -->
